Arguments: 
  C:\Program Files\nodejs\node.exe C:\Users\Administrator\AppData\Roaming\npm\node_modules\yarn\bin\yarn.js add jest-environment-jsdom -D

PATH: 
  C:\Python310\Scripts\;C:\Python310\;C:\Windows\system32;C:\Windows;C:\Windows\System32\Wbem;C:\Windows\System32\WindowsPowerShell\v1.0\;C:\Windows\System32\OpenSSH\;C:\ProgramData\chocolatey\bin;C:\Program Files\Git\cmd;C:\WINDOWS\system32;C:\WINDOWS;C:\WINDOWS\System32\Wbem;C:\WINDOWS\System32\WindowsPowerShell\v1.0\;C:\WINDOWS\System32\OpenSSH\;C:\Program Files\dotnet\;C:\Program Files\nodejs\;%PNPM_HOME%;C:\Users\Administrator\AppData\Local\Microsoft\WindowsApps;C:\Users\Administrator\AppData\Local\Programs\Microsoft VS Code\bin;C:\Users\Administrator\AppData\Roaming\npm;

Yarn version: 
  1.22.19

Node version: 
  18.16.1

Platform: 
  win32 x64

Trace: 
  Error: ENOENT: no such file or directory, copyfile 'C:\Users\Administrator\AppData\Local\Yarn\Cache\v6\npm-glob-8.1.0-d388f656593ef708ee3e34640fdfb99a9fd1c33e-integrity\node_modules\glob\common.js' -> 'D:\Code\Vue-source\node_modules\@rollup\plugin-commonjs\node_modules\glob\common.js'

npm manifest: 
  {
    "name": "simple-vue",
    "version": "1.0.0",
    "description": "",
    "main": "index.js",
    "type": "module",
    "scripts": {
      "build": "rollup -c"
    },
    "keywords": [],
    "author": "",
    "license": "ISC",
    "devDependencies": {
      "@rollup/plugin-commonjs": "^24.0.1",
      "@rollup/plugin-node-resolve": "^15.0.1",
      "@rollup/plugin-typescript": "^8.3.4",
      "@types/jest": "^29.5.4",
      "@types/node": "^20.5.0",
      "babel-jest": "^29.6.4",
      "eslint": "^8.33.0",
      "jest": "^29.6.4",
      "prettier": "^2.7.1",
      "rollup": "^3.20.2",
      "rollup-plugin-dts": "^5.3.0",
      "rollup-plugin-esbuild": "^5.0.0",
      "rollup-plugin-polyfill-node": "^0.12.0",
      "ts-jest": "^29.1.1",
      "ts-node": "^10.9.1",
      "tslib": "^2.6.1",
      "typescript": "^5.0.0"
    }
  }

yarn manifest: 
  No manifest

Lockfile: 
  No lockfile
